<?xml version="1.0" encoding="UTF-8"?>
<coverage generated="1677113257006" clover="3.2.0">
  <project timestamp="1677113257006" name="All files">
    <metrics statements="21" coveredstatements="8" conditionals="8" coveredconditionals="0" methods="9" coveredmethods="2" elements="38" coveredelements="10" complexity="0" loc="21" ncloc="21" packages="1" files="4" classes="4"/>
    <file name="DataContext.jsx" path="/Users/lorenaguillendemichelli/Desktop/LABORATORIA/DEV001-burger-queen-api-client/src/components/DataContext.jsx">
      <metrics statements="3" coveredstatements="3" conditionals="0" coveredconditionals="0" methods="1" coveredmethods="1"/>
      <line num="3" count="1" type="stmt"/>
      <line num="7" count="2" type="stmt"/>
      <line num="9" count="2" type="stmt"/>
    </file>
    <file name="Login.jsx" path="/Users/lorenaguillendemichelli/Desktop/LABORATORIA/DEV001-burger-queen-api-client/src/components/Login.jsx">
      <metrics statements="16" coveredstatements="5" conditionals="8" coveredconditionals="0" methods="6" coveredmethods="1"/>
      <line num="8" count="1" type="stmt"/>
      <line num="10" count="1" type="stmt"/>
      <line num="15" count="1" type="stmt"/>
      <line num="16" count="0" type="stmt"/>
      <line num="24" count="1" type="stmt"/>
      <line num="25" count="0" type="stmt"/>
      <line num="26" count="0" type="cond" truecount="0" falsecount="4"/>
      <line num="27" count="0" type="stmt"/>
      <line num="28" count="0" type="stmt"/>
      <line num="31" count="0" type="stmt"/>
      <line num="38" count="0" type="cond" truecount="0" falsecount="2"/>
      <line num="40" count="0" type="cond" truecount="0" falsecount="2"/>
      <line num="41" count="0" type="stmt"/>
      <line num="43" count="0" type="stmt"/>
      <line num="46" count="0" type="stmt"/>
      <line num="49" count="1" type="stmt"/>
    </file>
    <file name="Productos.jsx" path="/Users/lorenaguillendemichelli/Desktop/LABORATORIA/DEV001-burger-queen-api-client/src/components/Productos.jsx">
      <metrics statements="2" coveredstatements="0" conditionals="0" coveredconditionals="0" methods="2" coveredmethods="0"/>
      <line num="7" count="0" type="stmt"/>
      <line num="10" count="0" type="stmt"/>
    </file>
    <file name="UseAuth.jsx" path="/Users/lorenaguillendemichelli/Desktop/LABORATORIA/DEV001-burger-queen-api-client/src/components/UseAuth.jsx">
      <metrics statements="0" coveredstatements="0" conditionals="0" coveredconditionals="0" methods="0" coveredmethods="0"/>
    </file>
  </project>
</coverage>
