{"C:\\Users\\USUARIO\\laboratoria\\project5\\DEV001-burger-queen-api-client\\src\\App.jsx": {"path":"C:\\Users\\USUARIO\\laboratoria\\project5\\DEV001-burger-queen-api-client\\src\\App.jsx","statementMap":{"0":{"start":{"line":14,"column":2},"end":{"line":30,"column":4}}},"fnMap":{"0":{"name":"App","decl":{"start":{"line":13,"column":9},"end":{"line":13,"column":12}},"loc":{"start":{"line":13,"column":15},"end":{"line":31,"column":1}},"line":13}},"branchMap":{},"s":{"0":0},"f":{"0":0},"b":{}}
,"C:\\Users\\USUARIO\\laboratoria\\project5\\DEV001-burger-queen-api-client\\src\\main.jsx": {"path":"C:\\Users\\USUARIO\\laboratoria\\project5\\DEV001-burger-queen-api-client\\src\\main.jsx","statementMap":{"0":{"start":{"line":6,"column":0},"end":{"line":10,"column":1}}},"fnMap":{},"branchMap":{},"s":{"0":0},"f":{},"b":{}}
,"C:\\Users\\USUARIO\\laboratoria\\project5\\DEV001-burger-queen-api-client\\src\\Context\\authContext.jsx": {"path":"C:\\Users\\USUARIO\\laboratoria\\project5\\DEV001-burger-queen-api-client\\src\\Context\\authContext.jsx","statementMap":{"0":{"start":{"line":13,"column":27},"end":{"line":13,"column":42}},"1":{"start":{"line":15,"column":48},"end":{"line":17,"column":3}},"2":{"start":{"line":19,"column":32},"end":{"line":19,"column":47}},"3":{"start":{"line":20,"column":19},"end":{"line":53,"column":6}},"4":{"start":{"line":21,"column":4},"end":{"line":52,"column":63}},"5":{"start":{"line":32,"column":22},"end":{"line":32,"column":33}},"6":{"start":{"line":34,"column":8},"end":{"line":34,"column":26}},"7":{"start":{"line":36,"column":8},"end":{"line":36,"column":60}},"8":{"start":{"line":37,"column":8},"end":{"line":37,"column":80}},"9":{"start":{"line":38,"column":33},"end":{"line":38,"column":74}},"10":{"start":{"line":40,"column":8},"end":{"line":41,"column":43}},"11":{"start":{"line":41,"column":10},"end":{"line":41,"column":43}},"12":{"start":{"line":42,"column":8},"end":{"line":43,"column":45}},"13":{"start":{"line":43,"column":10},"end":{"line":43,"column":45}},"14":{"start":{"line":52,"column":24},"end":{"line":52,"column":61}},"15":{"start":{"line":71,"column":17},"end":{"line":73,"column":3}},"16":{"start":{"line":72,"column":4},"end":{"line":72,"column":30}},"17":{"start":{"line":75,"column":16},"end":{"line":84,"column":3}},"18":{"start":{"line":76,"column":11},"end":{"line":82,"column":5}},"19":{"start":{"line":85,"column":2},"end":{"line":85,"column":79}},"20":{"start":{"line":87,"column":0},"end":{"line":89,"column":2}},"21":{"start":{"line":92,"column":2},"end":{"line":92,"column":33}}},"fnMap":{"0":{"name":"AuthContextProvider","decl":{"start":{"line":14,"column":16},"end":{"line":14,"column":35}},"loc":{"start":{"line":14,"column":50},"end":{"line":86,"column":1}},"line":14},"1":{"name":"(anonymous_1)","decl":{"start":{"line":20,"column":31},"end":{"line":20,"column":32}},"loc":{"start":{"line":20,"column":60},"end":{"line":53,"column":1}},"line":20},"2":{"name":"(anonymous_2)","decl":{"start":{"line":32,"column":12},"end":{"line":32,"column":13}},"loc":{"start":{"line":32,"column":22},"end":{"line":32,"column":33}},"line":32},"3":{"name":"(anonymous_3)","decl":{"start":{"line":33,"column":12},"end":{"line":33,"column":13}},"loc":{"start":{"line":33,"column":22},"end":{"line":51,"column":7}},"line":33},"4":{"name":"(anonymous_4)","decl":{"start":{"line":52,"column":13},"end":{"line":52,"column":14}},"loc":{"start":{"line":52,"column":24},"end":{"line":52,"column":61}},"line":52},"5":{"name":"(anonymous_5)","decl":{"start":{"line":71,"column":17},"end":{"line":71,"column":18}},"loc":{"start":{"line":71,"column":23},"end":{"line":73,"column":3}},"line":71},"6":{"name":"(anonymous_6)","decl":{"start":{"line":76,"column":4},"end":{"line":76,"column":5}},"loc":{"start":{"line":76,"column":11},"end":{"line":82,"column":5}},"line":76},"7":{"name":"useAuthContext","decl":{"start":{"line":91,"column":16},"end":{"line":91,"column":30}},"loc":{"start":{"line":91,"column":33},"end":{"line":93,"column":1}},"line":91}},"branchMap":{"0":{"loc":{"start":{"line":16,"column":4},"end":{"line":16,"column":42}},"type":"binary-expr","locations":[{"start":{"line":16,"column":4},"end":{"line":16,"column":33}},{"start":{"line":16,"column":37},"end":{"line":16,"column":42}}],"line":16},"1":{"loc":{"start":{"line":37,"column":8},"end":{"line":37,"column":79}},"type":"cond-expr","locations":[{"start":{"line":37,"column":27},"end":{"line":37,"column":51}},{"start":{"line":37,"column":54},"end":{"line":37,"column":79}}],"line":37},"2":{"loc":{"start":{"line":40,"column":8},"end":{"line":41,"column":43}},"type":"if","locations":[{"start":{"line":40,"column":8},"end":{"line":41,"column":43}},{"start":{},"end":{}}],"line":40},"3":{"loc":{"start":{"line":42,"column":8},"end":{"line":43,"column":45}},"type":"if","locations":[{"start":{"line":42,"column":8},"end":{"line":43,"column":45}},{"start":{},"end":{}}],"line":42}},"s":{"0":0,"1":0,"2":0,"3":0,"4":0,"5":0,"6":0,"7":0,"8":0,"9":0,"10":0,"11":0,"12":0,"13":0,"14":0,"15":0,"16":0,"17":0,"18":0,"19":0,"20":0,"21":0},"f":{"0":0,"1":0,"2":0,"3":0,"4":0,"5":0,"6":0,"7":0},"b":{"0":[0,0],"1":[0,0],"2":[0,0],"3":[0,0]}}
,"C:\\Users\\USUARIO\\laboratoria\\project5\\DEV001-burger-queen-api-client\\src\\components\\Footer\\Footer.jsx": {"path":"C:\\Users\\USUARIO\\laboratoria\\project5\\DEV001-burger-queen-api-client\\src\\components\\Footer\\Footer.jsx","statementMap":{"0":{"start":{"line":4,"column":15},"end":{"line":20,"column":1}},"1":{"start":{"line":5,"column":2},"end":{"line":19,"column":4}}},"fnMap":{"0":{"name":"(anonymous_0)","decl":{"start":{"line":4,"column":15},"end":{"line":4,"column":16}},"loc":{"start":{"line":4,"column":21},"end":{"line":20,"column":1}},"line":4}},"branchMap":{},"s":{"0":0,"1":0},"f":{"0":0},"b":{}}
,"C:\\Users\\USUARIO\\laboratoria\\project5\\DEV001-burger-queen-api-client\\src\\components\\Header\\Header.jsx": {"path":"C:\\Users\\USUARIO\\laboratoria\\project5\\DEV001-burger-queen-api-client\\src\\components\\Header\\Header.jsx","statementMap":{"0":{"start":{"line":6,"column":15},"end":{"line":16,"column":1}},"1":{"start":{"line":7,"column":2},"end":{"line":15,"column":4}}},"fnMap":{"0":{"name":"(anonymous_0)","decl":{"start":{"line":6,"column":15},"end":{"line":6,"column":16}},"loc":{"start":{"line":6,"column":21},"end":{"line":16,"column":1}},"line":6}},"branchMap":{},"s":{"0":1,"1":2},"f":{"0":2},"b":{},"_coverageSchema":"1a1c01bbd47fc00a2c39e90264f33305004495a9","hash":"dc3af8a137aa4c723735d922733a72bda1a407fa"}
,"C:\\Users\\USUARIO\\laboratoria\\project5\\DEV001-burger-queen-api-client\\src\\components\\Loarder\\Loader.jsx": {"path":"C:\\Users\\USUARIO\\laboratoria\\project5\\DEV001-burger-queen-api-client\\src\\components\\Loarder\\Loader.jsx","statementMap":{"0":{"start":{"line":4,"column":15},"end":{"line":10,"column":1}},"1":{"start":{"line":5,"column":2},"end":{"line":9,"column":4}}},"fnMap":{"0":{"name":"(anonymous_0)","decl":{"start":{"line":4,"column":15},"end":{"line":4,"column":16}},"loc":{"start":{"line":4,"column":21},"end":{"line":10,"column":1}},"line":4}},"branchMap":{},"s":{"0":0,"1":0},"f":{"0":0},"b":{}}
,"C:\\Users\\USUARIO\\laboratoria\\project5\\DEV001-burger-queen-api-client\\src\\components\\Logout\\Logout.jsx": {"path":"C:\\Users\\USUARIO\\laboratoria\\project5\\DEV001-burger-queen-api-client\\src\\components\\Logout\\Logout.jsx","statementMap":{"0":{"start":{"line":8,"column":19},"end":{"line":24,"column":5}},"1":{"start":{"line":10,"column":56},"end":{"line":10,"column":70}},"2":{"start":{"line":12,"column":26},"end":{"line":18,"column":9}},"3":{"start":{"line":13,"column":12},"end":{"line":17,"column":13}},"4":{"start":{"line":14,"column":16},"end":{"line":14,"column":48}},"5":{"start":{"line":15,"column":16},"end":{"line":15,"column":31}},"6":{"start":{"line":16,"column":15},"end":{"line":16,"column":42}},"7":{"start":{"line":19,"column":8},"end":{"line":23,"column":10}}},"fnMap":{"0":{"name":"(anonymous_0)","decl":{"start":{"line":8,"column":19},"end":{"line":8,"column":20}},"loc":{"start":{"line":8,"column":25},"end":{"line":24,"column":5}},"line":8},"1":{"name":"(anonymous_1)","decl":{"start":{"line":12,"column":26},"end":{"line":12,"column":27}},"loc":{"start":{"line":12,"column":32},"end":{"line":18,"column":9}},"line":12}},"branchMap":{"0":{"loc":{"start":{"line":13,"column":12},"end":{"line":17,"column":13}},"type":"if","locations":[{"start":{"line":13,"column":12},"end":{"line":17,"column":13}},{"start":{},"end":{}}],"line":13}},"s":{"0":0,"1":0,"2":0,"3":0,"4":0,"5":0,"6":0,"7":0},"f":{"0":0,"1":0},"b":{"0":[0,0]}}
,"C:\\Users\\USUARIO\\laboratoria\\project5\\DEV001-burger-queen-api-client\\src\\components\\router\\PrivateRoute.jsx": {"path":"C:\\Users\\USUARIO\\laboratoria\\project5\\DEV001-burger-queen-api-client\\src\\components\\router\\PrivateRoute.jsx","statementMap":{"0":{"start":{"line":6,"column":30},"end":{"line":6,"column":46}},"1":{"start":{"line":8,"column":2},"end":{"line":10,"column":3}},"2":{"start":{"line":9,"column":4},"end":{"line":9,"column":33}},"3":{"start":{"line":11,"column":2},"end":{"line":15,"column":3}}},"fnMap":{"0":{"name":"PrivateRoute","decl":{"start":{"line":5,"column":24},"end":{"line":5,"column":36}},"loc":{"start":{"line":5,"column":39},"end":{"line":17,"column":1}},"line":5}},"branchMap":{"0":{"loc":{"start":{"line":8,"column":2},"end":{"line":10,"column":3}},"type":"if","locations":[{"start":{"line":8,"column":2},"end":{"line":10,"column":3}},{"start":{},"end":{}}],"line":8}},"s":{"0":0,"1":0,"2":0,"3":0},"f":{"0":0},"b":{"0":[0,0]}}
,"C:\\Users\\USUARIO\\laboratoria\\project5\\DEV001-burger-queen-api-client\\src\\components\\router\\PublicRoute.jsx": {"path":"C:\\Users\\USUARIO\\laboratoria\\project5\\DEV001-burger-queen-api-client\\src\\components\\router\\PublicRoute.jsx","statementMap":{"0":{"start":{"line":6,"column":30},"end":{"line":6,"column":46}},"1":{"start":{"line":8,"column":2},"end":{"line":10,"column":3}},"2":{"start":{"line":9,"column":4},"end":{"line":9,"column":37}},"3":{"start":{"line":11,"column":2},"end":{"line":17,"column":4}}},"fnMap":{"0":{"name":"PublicRoute","decl":{"start":{"line":5,"column":24},"end":{"line":5,"column":35}},"loc":{"start":{"line":5,"column":38},"end":{"line":18,"column":1}},"line":5}},"branchMap":{"0":{"loc":{"start":{"line":8,"column":2},"end":{"line":10,"column":3}},"type":"if","locations":[{"start":{"line":8,"column":2},"end":{"line":10,"column":3}},{"start":{},"end":{}}],"line":8}},"s":{"0":0,"1":0,"2":0,"3":0},"f":{"0":0},"b":{"0":[0,0]}}
,"C:\\Users\\USUARIO\\laboratoria\\project5\\DEV001-burger-queen-api-client\\src\\config\\routes\\paths.js": {"path":"C:\\Users\\USUARIO\\laboratoria\\project5\\DEV001-burger-queen-api-client\\src\\config\\routes\\paths.js","statementMap":{"0":{"start":{"line":1,"column":20},"end":{"line":1,"column":23}},"1":{"start":{"line":2,"column":21},"end":{"line":2,"column":29}},"2":{"start":{"line":3,"column":23},"end":{"line":3,"column":36}},"3":{"start":{"line":4,"column":21},"end":{"line":4,"column":35}}},"fnMap":{},"branchMap":{},"s":{"0":1,"1":1,"2":1,"3":1},"f":{},"b":{},"_coverageSchema":"1a1c01bbd47fc00a2c39e90264f33305004495a9","hash":"f806ac9e6622982a5fe4cd1e1c7b58c6e09522d5"}
,"C:\\Users\\USUARIO\\laboratoria\\project5\\DEV001-burger-queen-api-client\\src\\pages\\Home\\Home.jsx": {"path":"C:\\Users\\USUARIO\\laboratoria\\project5\\DEV001-burger-queen-api-client\\src\\pages\\Home\\Home.jsx","statementMap":{"0":{"start":{"line":4,"column":13},"end":{"line":46,"column":1}},"1":{"start":{"line":5,"column":16},"end":{"line":18,"column":3}},"2":{"start":{"line":19,"column":21},"end":{"line":27,"column":3}},"3":{"start":{"line":28,"column":20},"end":{"line":28,"column":30}},"4":{"start":{"line":30,"column":2},"end":{"line":45,"column":4}}},"fnMap":{"0":{"name":"(anonymous_0)","decl":{"start":{"line":4,"column":13},"end":{"line":4,"column":14}},"loc":{"start":{"line":4,"column":19},"end":{"line":46,"column":1}},"line":4}},"branchMap":{},"s":{"0":0,"1":0,"2":0,"3":0,"4":0},"f":{"0":0},"b":{}}
,"C:\\Users\\USUARIO\\laboratoria\\project5\\DEV001-burger-queen-api-client\\src\\pages\\Login\\Login.jsx": {"path":"C:\\Users\\USUARIO\\laboratoria\\project5\\DEV001-burger-queen-api-client\\src\\pages\\Login\\Login.jsx","statementMap":{"0":{"start":{"line":12,"column":28},"end":{"line":12,"column":42}},"1":{"start":{"line":37,"column":14},"end":{"line":125,"column":1}},"2":{"start":{"line":38,"column":23},"end":{"line":38,"column":39}},"3":{"start":{"line":39,"column":26},"end":{"line":39,"column":38}},"4":{"start":{"line":41,"column":23},"end":{"line":47,"column":3}},"5":{"start":{"line":42,"column":28},"end":{"line":42,"column":40}},"6":{"start":{"line":43,"column":4},"end":{"line":46,"column":7}},"7":{"start":{"line":49,"column":21},"end":{"line":52,"column":3}},"8":{"start":{"line":50,"column":4},"end":{"line":50,"column":24}},"9":{"start":{"line":53,"column":23},"end":{"line":66,"column":3}},"10":{"start":{"line":54,"column":4},"end":{"line":54,"column":27}},"11":{"start":{"line":55,"column":4},"end":{"line":55,"column":42}},"12":{"start":{"line":56,"column":4},"end":{"line":56,"column":68}},"13":{"start":{"line":67,"column":2},"end":{"line":124,"column":4}}},"fnMap":{"0":{"name":"(anonymous_0)","decl":{"start":{"line":37,"column":14},"end":{"line":37,"column":15}},"loc":{"start":{"line":37,"column":20},"end":{"line":125,"column":1}},"line":37},"1":{"name":"(anonymous_1)","decl":{"start":{"line":41,"column":23},"end":{"line":41,"column":24}},"loc":{"start":{"line":41,"column":34},"end":{"line":47,"column":3}},"line":41},"2":{"name":"(anonymous_2)","decl":{"start":{"line":49,"column":21},"end":{"line":49,"column":22}},"loc":{"start":{"line":49,"column":32},"end":{"line":52,"column":3}},"line":49},"3":{"name":"(anonymous_3)","decl":{"start":{"line":53,"column":23},"end":{"line":53,"column":24}},"loc":{"start":{"line":53,"column":34},"end":{"line":66,"column":3}},"line":53}},"branchMap":{"0":{"loc":{"start":{"line":122,"column":7},"end":{"line":122,"column":42}},"type":"binary-expr","locations":[{"start":{"line":122,"column":7},"end":{"line":122,"column":22}},{"start":{"line":122,"column":26},"end":{"line":122,"column":42}}],"line":122}},"s":{"0":0,"1":0,"2":0,"3":0,"4":0,"5":0,"6":0,"7":0,"8":0,"9":0,"10":0,"11":0,"12":0,"13":0},"f":{"0":0,"1":0,"2":0,"3":0},"b":{"0":[0,0]}}
,"C:\\Users\\USUARIO\\laboratoria\\project5\\DEV001-burger-queen-api-client\\src\\pages\\waiterView\\WaiterView.jsx": {"path":"C:\\Users\\USUARIO\\laboratoria\\project5\\DEV001-burger-queen-api-client\\src\\pages\\waiterView\\WaiterView.jsx","statementMap":{"0":{"start":{"line":8,"column":19},"end":{"line":52,"column":1}},"1":{"start":{"line":9,"column":50},"end":{"line":9,"column":64}},"2":{"start":{"line":17,"column":2},"end":{"line":51,"column":4}}},"fnMap":{"0":{"name":"(anonymous_0)","decl":{"start":{"line":8,"column":19},"end":{"line":8,"column":20}},"loc":{"start":{"line":8,"column":25},"end":{"line":52,"column":1}},"line":8}},"branchMap":{},"s":{"0":0,"1":0,"2":0},"f":{"0":0},"b":{}}
}
