{"/Users/lorenaguillendemichelli/Desktop/LABORATORIA/DEV001-burger-queen-api-client/src/components/DataContext.jsx": {"path":"/Users/lorenaguillendemichelli/Desktop/LABORATORIA/DEV001-burger-queen-api-client/src/components/DataContext.jsx","statementMap":{"0":{"start":{"line":3,"column":23},"end":{"line":3,"column":38}},"1":{"start":{"line":7,"column":28},"end":{"line":7,"column":40}},"2":{"start":{"line":9,"column":2},"end":{"line":13,"column":3}}},"fnMap":{"0":{"name":"ProductContextProvider","decl":{"start":{"line":6,"column":16},"end":{"line":6,"column":38}},"loc":{"start":{"line":6,"column":54},"end":{"line":14,"column":1}},"line":6}},"branchMap":{},"s":{"0":1,"1":2,"2":2},"f":{"0":2},"b":{},"_coverageSchema":"1a1c01bbd47fc00a2c39e90264f33305004495a9","hash":"a1416c9f7220f2119d4cbcfccd411fcfe6765fab"}
,"/Users/lorenaguillendemichelli/Desktop/LABORATORIA/DEV001-burger-queen-api-client/src/components/Login.jsx": {"path":"/Users/lorenaguillendemichelli/Desktop/LABORATORIA/DEV001-burger-queen-api-client/src/components/Login.jsx","statementMap":{"0":{"start":{"line":8,"column":15},"end":{"line":8,"column":28}},"1":{"start":{"line":10,"column":28},"end":{"line":13,"column":4}},"2":{"start":{"line":15,"column":21},"end":{"line":22,"column":3}},"3":{"start":{"line":16,"column":4},"end":{"line":21,"column":5}},"4":{"start":{"line":24,"column":23},"end":{"line":48,"column":3}},"5":{"start":{"line":25,"column":4},"end":{"line":25,"column":22}},"6":{"start":{"line":26,"column":4},"end":{"line":29,"column":5}},"7":{"start":{"line":27,"column":6},"end":{"line":27,"column":48}},"8":{"start":{"line":28,"column":6},"end":{"line":28,"column":12}},"9":{"start":{"line":31,"column":4},"end":{"line":47,"column":8}},"10":{"start":{"line":38,"column":19},"end":{"line":38,"column":70}},"11":{"start":{"line":40,"column":8},"end":{"line":42,"column":9}},"12":{"start":{"line":41,"column":10},"end":{"line":41,"column":23}},"13":{"start":{"line":43,"column":8},"end":{"line":43,"column":24}},"14":{"start":{"line":46,"column":8},"end":{"line":46,"column":32}},"15":{"start":{"line":49,"column":2},"end":{"line":69,"column":3}}},"fnMap":{"0":{"name":"Login","decl":{"start":{"line":7,"column":16},"end":{"line":7,"column":21}},"loc":{"start":{"line":7,"column":25},"end":{"line":70,"column":1}},"line":7},"1":{"name":"(anonymous_1)","decl":{"start":{"line":15,"column":21},"end":{"line":15,"column":22}},"loc":{"start":{"line":15,"column":28},"end":{"line":22,"column":3}},"line":15},"2":{"name":"(anonymous_2)","decl":{"start":{"line":24,"column":23},"end":{"line":24,"column":24}},"loc":{"start":{"line":24,"column":30},"end":{"line":48,"column":3}},"line":24},"3":{"name":"(anonymous_3)","decl":{"start":{"line":38,"column":12},"end":{"line":38,"column":13}},"loc":{"start":{"line":38,"column":19},"end":{"line":38,"column":70}},"line":38},"4":{"name":"(anonymous_4)","decl":{"start":{"line":39,"column":12},"end":{"line":39,"column":13}},"loc":{"start":{"line":39,"column":19},"end":{"line":44,"column":7}},"line":39},"5":{"name":"(anonymous_5)","decl":{"start":{"line":45,"column":13},"end":{"line":45,"column":14}},"loc":{"start":{"line":45,"column":22},"end":{"line":47,"column":7}},"line":45}},"branchMap":{"0":{"loc":{"start":{"line":26,"column":4},"end":{"line":29,"column":5}},"type":"if","locations":[{"start":{"line":26,"column":4},"end":{"line":29,"column":5}},{"start":{},"end":{}}],"line":26},"1":{"loc":{"start":{"line":26,"column":8},"end":{"line":26,"column":39}},"type":"binary-expr","locations":[{"start":{"line":26,"column":8},"end":{"line":26,"column":20}},{"start":{"line":26,"column":24},"end":{"line":26,"column":39}}],"line":26},"2":{"loc":{"start":{"line":38,"column":19},"end":{"line":38,"column":70}},"type":"cond-expr","locations":[{"start":{"line":38,"column":28},"end":{"line":38,"column":38}},{"start":{"line":38,"column":41},"end":{"line":38,"column":70}}],"line":38},"3":{"loc":{"start":{"line":40,"column":8},"end":{"line":42,"column":9}},"type":"if","locations":[{"start":{"line":40,"column":8},"end":{"line":42,"column":9}},{"start":{},"end":{}}],"line":40}},"s":{"0":1,"1":1,"2":1,"3":0,"4":1,"5":0,"6":0,"7":0,"8":0,"9":0,"10":0,"11":0,"12":0,"13":0,"14":0,"15":1},"f":{"0":1,"1":0,"2":0,"3":0,"4":0,"5":0},"b":{"0":[0,0],"1":[0,0],"2":[0,0],"3":[0,0]},"_coverageSchema":"1a1c01bbd47fc00a2c39e90264f33305004495a9","hash":"9b0d848bf63b9caade4d51cbedc71332bb1b12f9"}
,"/Users/lorenaguillendemichelli/Desktop/LABORATORIA/DEV001-burger-queen-api-client/src/components/Productos.jsx": {"path":"/Users/lorenaguillendemichelli/Desktop/LABORATORIA/DEV001-burger-queen-api-client/src/components/Productos.jsx","statementMap":{"0":{"start":{"line":7,"column":2},"end":{"line":13,"column":3}},"1":{"start":{"line":10,"column":54},"end":{"line":10,"column":82}}},"fnMap":{"0":{"name":"Productos","decl":{"start":{"line":4,"column":16},"end":{"line":4,"column":25}},"loc":{"start":{"line":4,"column":63},"end":{"line":14,"column":1}},"line":4},"1":{"name":"(anonymous_1)","decl":{"start":{"line":10,"column":48},"end":{"line":10,"column":49}},"loc":{"start":{"line":10,"column":54},"end":{"line":10,"column":82}},"line":10}},"branchMap":{},"s":{"0":0,"1":0},"f":{"0":0,"1":0},"b":{},"_coverageSchema":"1a1c01bbd47fc00a2c39e90264f33305004495a9","hash":"f511f10a302a84eb9ccfe988318abfaebd7ed52a"}
,"/Users/lorenaguillendemichelli/Desktop/LABORATORIA/DEV001-burger-queen-api-client/src/components/UseAuth.jsx": {"path":"/Users/lorenaguillendemichelli/Desktop/LABORATORIA/DEV001-burger-queen-api-client/src/components/UseAuth.jsx","statementMap":{},"fnMap":{},"branchMap":{},"s":{},"f":{},"b":{},"_coverageSchema":"1a1c01bbd47fc00a2c39e90264f33305004495a9","hash":"05d9a6cce70ca0d2a1bc90482e7972726957b20a"}
}
