TN:
SF:src\App.jsx
FN:13,App
FNF:1
FNH:0
FNDA:0,App
DA:14,0
LF:1
LH:0
BRF:0
BRH:0
end_of_record
TN:
SF:src\main.jsx
FNF:0
FNH:0
DA:6,0
LF:1
LH:0
BRF:0
BRH:0
end_of_record
TN:
SF:src\Context\authContext.jsx
FN:14,AuthContextProvider
FN:20,(anonymous_1)
FN:32,(anonymous_2)
FN:33,(anonymous_3)
FN:52,(anonymous_4)
FN:71,(anonymous_5)
FN:76,(anonymous_6)
FN:91,useAuthContext
FNF:8
FNH:0
FNDA:0,AuthContextProvider
FNDA:0,(anonymous_1)
FNDA:0,(anonymous_2)
FNDA:0,(anonymous_3)
FNDA:0,(anonymous_4)
FNDA:0,(anonymous_5)
FNDA:0,(anonymous_6)
FNDA:0,useAuthContext
DA:13,0
DA:15,0
DA:19,0
DA:20,0
DA:21,0
DA:32,0
DA:34,0
DA:36,0
DA:37,0
DA:38,0
DA:40,0
DA:41,0
DA:42,0
DA:43,0
DA:52,0
DA:71,0
DA:72,0
DA:75,0
DA:76,0
DA:85,0
DA:87,0
DA:92,0
LF:22
LH:0
BRDA:16,0,0,0
BRDA:16,0,1,0
BRDA:37,1,0,0
BRDA:37,1,1,0
BRDA:40,2,0,0
BRDA:40,2,1,0
BRDA:42,3,0,0
BRDA:42,3,1,0
BRF:8
BRH:0
end_of_record
TN:
SF:src\components\Footer\Footer.jsx
FN:4,(anonymous_0)
FNF:1
FNH:0
FNDA:0,(anonymous_0)
DA:4,0
DA:5,0
LF:2
LH:0
BRF:0
BRH:0
end_of_record
TN:
SF:src\components\Header\Header.jsx
FN:6,(anonymous_0)
FNF:1
FNH:1
FNDA:2,(anonymous_0)
DA:6,1
DA:7,2
LF:2
LH:2
BRF:0
BRH:0
end_of_record
TN:
SF:src\components\Loarder\Loader.jsx
FN:4,(anonymous_0)
FNF:1
FNH:0
FNDA:0,(anonymous_0)
DA:4,0
DA:5,0
LF:2
LH:0
BRF:0
BRH:0
end_of_record
TN:
SF:src\components\Logout\Logout.jsx
FN:8,(anonymous_0)
FN:12,(anonymous_1)
FNF:2
FNH:0
FNDA:0,(anonymous_0)
FNDA:0,(anonymous_1)
DA:8,0
DA:10,0
DA:12,0
DA:13,0
DA:14,0
DA:15,0
DA:16,0
DA:19,0
LF:8
LH:0
BRDA:13,0,0,0
BRDA:13,0,1,0
BRF:2
BRH:0
end_of_record
TN:
SF:src\components\router\PrivateRoute.jsx
FN:5,PrivateRoute
FNF:1
FNH:0
FNDA:0,PrivateRoute
DA:6,0
DA:8,0
DA:9,0
DA:11,0
LF:4
LH:0
BRDA:8,0,0,0
BRDA:8,0,1,0
BRF:2
BRH:0
end_of_record
TN:
SF:src\components\router\PublicRoute.jsx
FN:5,PublicRoute
FNF:1
FNH:0
FNDA:0,PublicRoute
DA:6,0
DA:8,0
DA:9,0
DA:11,0
LF:4
LH:0
BRDA:8,0,0,0
BRDA:8,0,1,0
BRF:2
BRH:0
end_of_record
TN:
SF:src\config\routes\paths.js
FNF:0
FNH:0
DA:1,1
DA:2,1
DA:3,1
DA:4,1
LF:4
LH:4
BRF:0
BRH:0
end_of_record
TN:
SF:src\pages\Home\Home.jsx
FN:4,(anonymous_0)
FNF:1
FNH:0
FNDA:0,(anonymous_0)
DA:4,0
DA:5,0
DA:19,0
DA:28,0
DA:30,0
LF:5
LH:0
BRF:0
BRH:0
end_of_record
TN:
SF:src\pages\Login\Login.jsx
FN:37,(anonymous_0)
FN:41,(anonymous_1)
FN:49,(anonymous_2)
FN:53,(anonymous_3)
FNF:4
FNH:0
FNDA:0,(anonymous_0)
FNDA:0,(anonymous_1)
FNDA:0,(anonymous_2)
FNDA:0,(anonymous_3)
DA:12,0
DA:37,0
DA:38,0
DA:39,0
DA:41,0
DA:42,0
DA:43,0
DA:49,0
DA:50,0
DA:53,0
DA:54,0
DA:55,0
DA:56,0
DA:67,0
LF:14
LH:0
BRDA:122,0,0,0
BRDA:122,0,1,0
BRF:2
BRH:0
end_of_record
TN:
SF:src\pages\waiterView\WaiterView.jsx
FN:8,(anonymous_0)
FNF:1
FNH:0
FNDA:0,(anonymous_0)
DA:8,0
DA:9,0
DA:17,0
LF:3
LH:0
BRF:0
BRH:0
end_of_record
